<?xml version="1.0" encoding="UTF-8"?>
<!-- Generated by org.testng.reporters.JUnitXMLReporter -->
<testsuite hostname="RAVKUMAR5" ignored="0" name="Command line test" tests="10" failures="2" timestamp="21 May 2019 05:51:36 GMT" time="2160.772" errors="0">
  <testcase name="@AfterTest endReport" time="0.0" classname="com.hpi.TestScripts.Verify_ServiceCenter_RetrieveRandomCase_DirectAndIndirect">
    <failure type="java.lang.NullPointerException">
      <![CDATA[java.lang.NullPointerException
at com.hpi.TestScripts.Verify_ServiceCenter_RetrieveRandomCase_DirectAndIndirect.endReport(Verify_ServiceCenter_RetrieveRandomCase_DirectAndIndirect.java:95)
at com.hpi.TestScripts.MainClass.main(MainClass.java:11)
... Removed 21 stack frames]]>
    </failure>
  </testcase> <!-- @AfterTest endReport -->
  <testcase name="verifyServiceCenterAutomationFlow_DirectFlow" time="128.978" classname="com.hpi.TestScripts.Verify_ServiceCenter_AutomationFlow">
    <failure type="java.lang.AssertionError" message="Unable to create a Direct Case">
      <![CDATA[java.lang.AssertionError: Unable to create a Direct Case
at com.hpi.PageActions.PageElements_Methods.createCaseWith_MultipleAttachments(PageElements_Methods.java:811)
at com.hpi.TestScripts.Verify_ServiceCenter_AutomationFlow.verifyServiceCenterAutomationFlow_DirectFlow(Verify_ServiceCenter_AutomationFlow.java:81)
at com.hpi.TestScripts.MainClass.main(MainClass.java:11)
... Removed 23 stack frames]]>
    </failure>
  </testcase> <!-- verifyServiceCenterAutomationFlow_DirectFlow -->
  <testcase name="verifyServiceCenterAutomationFlow_InDirectFlow" time="131.062" classname="com.hpi.TestScripts.Verify_ServiceCenter_AutomationFlow"/>
  <testcase name="verifyServiceCenter_CreateCaseWith_3MBAttachment_Direct" time="77.725" classname="com.hpi.TestScripts.Verify_ServiceCenter_AutomationFlow"/>
  <testcase name="verifyServiceCenter_CreateCaseWith_3MB_Attachment_InDirect" time="91.575" classname="com.hpi.TestScripts.Verify_ServiceCenter_AutomationFlow"/>
  <testcase name="verifyServiceCenter_CreateCaseWith_jpegAttachment_Direct" time="421.657" classname="com.hpi.TestScripts.Verify_ServiceCenter_AutomationFlow"/>
  <testcase name="verifyServiceCenter_CreateCaseWith_jpegAttachment_InDirect" time="102.156" classname="com.hpi.TestScripts.Verify_ServiceCenter_AutomationFlow"/>
  <testcase name="verifyServiceCenter_CreateCaseWith_pdfAttachment_InDirect" time="120.295" classname="com.hpi.TestScripts.Verify_ServiceCenter_AutomationFlow"/>
  <testcase name="verifyServiceCenter_CreateCaseWith_textAttachment_Direct" time="321.392" classname="com.hpi.TestScripts.Verify_ServiceCenter_AutomationFlow">
    <failure type="org.openqa.selenium.NoSuchElementException" message="no such element: Unable to locate element: {&amp;quot;method&amp;quot;:&amp;quot;xpath&amp;quot;,&amp;quot;selector&amp;quot;:&amp;quot;//div[@class=&amp;apos;ag-body-container&amp;apos;]/div[@role=&amp;apos;row&amp;apos; and @row-index=&amp;apos;0&amp;apos;]/div[@col-id=&amp;apos;caseId&amp;apos;]&amp;quot;}
  (Session info: chrome=62.0.3202.75)
  (Driver info: chromedriver=2.33.506120 (e3e53437346286c0bc2d2dc9aa4915ba81d9023f),platform=Windows NT 10.0.15063 x86_64) (WARNING: The server did not provide any stacktrace information)
Command duration or timeout: 10.03 seconds
For documentation on this error, please visit: http://seleniumhq.org/exceptions/no_such_element.html
Build info: version: &amp;apos;3.0.1&amp;apos;, revision: &amp;apos;1969d75&amp;apos;, time: &amp;apos;2016-10-18 09:49:13 -0700&amp;apos;
System info: host: &amp;apos;RAVKUMAR5&amp;apos;, ip: &amp;apos;10.77.44.138&amp;apos;, os.name: &amp;apos;Windows 10&amp;apos;, os.arch: &amp;apos;amd64&amp;apos;, os.version: &amp;apos;10.0&amp;apos;, java.version: &amp;apos;1.8.0_171&amp;apos;
Driver info: org.openqa.selenium.chrome.ChromeDriver
Capabilities [{applicationCacheEnabled=false, rotatable=false, mobileEmulationEnabled=false, networkConnectionEnabled=false, chrome={chromedriverVersion=2.33.506120 (e3e53437346286c0bc2d2dc9aa4915ba81d9023f), userDataDir=C:\Users\ravkumar\AppData\Local\Temp\scoped_dir9232_14043}, takesHeapSnapshot=true, pageLoadStrategy=normal, databaseEnabled=false, handlesAlerts=true, hasTouchScreen=false, version=62.0.3202.75, platform=XP, browserConnectionEnabled=false, nativeEvents=true, acceptSslCerts=true, locationContextEnabled=true, webStorageEnabled=true, browserName=chrome, takesScreenshot=true, javascriptEnabled=true, cssSelectorsEnabled=true, setWindowRect=true, unexpectedAlertBehaviour=}]
Session ID: 556fbf8e14d8ac5aa8a8288cc1cd74bf
*** Element info: {Using=xpath, value=//div[@class=&amp;apos;ag-body-container&amp;apos;]/div[@role=&amp;apos;row&amp;apos; and @row-index=&amp;apos;0&amp;apos;]/div[@col-id=&amp;apos;caseId&amp;apos;]}">
      <![CDATA[org.openqa.selenium.NoSuchElementException: no such element: Unable to locate element: {"method":"xpath","selector":"//div[@class='ag-body-container']/div[@role='row' and @row-index='0']/div[@col-id='caseId']"}
  (Session info: chrome=62.0.3202.75)
  (Driver info: chromedriver=2.33.506120 (e3e53437346286c0bc2d2dc9aa4915ba81d9023f),platform=Windows NT 10.0.15063 x86_64) (WARNING: The server did not provide any stacktrace information)
Command duration or timeout: 10.03 seconds
For documentation on this error, please visit: http://seleniumhq.org/exceptions/no_such_element.html
Build info: version: '3.0.1', revision: '1969d75', time: '2016-10-18 09:49:13 -0700'
System info: host: 'RAVKUMAR5', ip: '10.77.44.138', os.name: 'Windows 10', os.arch: 'amd64', os.version: '10.0', java.version: '1.8.0_171'
Driver info: org.openqa.selenium.chrome.ChromeDriver
Capabilities [{applicationCacheEnabled=false, rotatable=false, mobileEmulationEnabled=false, networkConnectionEnabled=false, chrome={chromedriverVersion=2.33.506120 (e3e53437346286c0bc2d2dc9aa4915ba81d9023f), userDataDir=C:\Users\ravkumar\AppData\Local\Temp\scoped_dir9232_14043}, takesHeapSnapshot=true, pageLoadStrategy=normal, databaseEnabled=false, handlesAlerts=true, hasTouchScreen=false, version=62.0.3202.75, platform=XP, browserConnectionEnabled=false, nativeEvents=true, acceptSslCerts=true, locationContextEnabled=true, webStorageEnabled=true, browserName=chrome, takesScreenshot=true, javascriptEnabled=true, cssSelectorsEnabled=true, setWindowRect=true, unexpectedAlertBehaviour=}]
Session ID: 556fbf8e14d8ac5aa8a8288cc1cd74bf
*** Element info: {Using=xpath, value=//div[@class='ag-body-container']/div[@role='row' and @row-index='0']/div[@col-id='caseId']}
at org.openqa.selenium.remote.ErrorHandler.createThrowable(ErrorHandler.java:216)
at org.openqa.selenium.remote.ErrorHandler.throwIfResponseFailed(ErrorHandler.java:168)
at org.openqa.selenium.remote.RemoteWebDriver.execute(RemoteWebDriver.java:635)
at org.openqa.selenium.remote.RemoteWebDriver.findElement(RemoteWebDriver.java:368)
at org.openqa.selenium.remote.RemoteWebDriver.findElementByXPath(RemoteWebDriver.java:473)
at org.openqa.selenium.By$ByXPath.findElement(By.java:361)
at org.openqa.selenium.remote.RemoteWebDriver.findElement(RemoteWebDriver.java:360)
at org.openqa.selenium.support.pagefactory.DefaultElementLocator.findElement(DefaultElementLocator.java:69)
at org.openqa.selenium.support.pagefactory.internal.LocatingElementHandler.invoke(LocatingElementHandler.java:38)
at com.sun.proxy.$Proxy10.isDisplayed(Unknown Source)
at com.hpi.PageActions.PageElements_Methods.retrieveCaseWith_text_Attachment(PageElements_Methods.java:1480)
at com.hpi.TestScripts.Verify_ServiceCenter_AutomationFlow.verifyServiceCenter_CreateCaseWith_textAttachment_Direct(Verify_ServiceCenter_AutomationFlow.java:437)
at com.hpi.TestScripts.MainClass.main(MainClass.java:11)
... Removed 26 stack frames]]>
    </failure>
  </testcase> <!-- verifyServiceCenter_CreateCaseWith_textAttachment_Direct -->
  <testcase name="verifyServiceCenter_CaseNotesTextLimitation_Direct" time="553.811" classname="com.hpi.TestScripts.Verify_ServiceCenter_AutomationFlow"/>
  <testcase name="verifyServiceCenter_CaseNotesTextLimitation_InDirect" time="133.566" classname="com.hpi.TestScripts.Verify_ServiceCenter_AutomationFlow"/>
</testsuite> <!-- Command line test -->
