<html>
<head>
<title>TestNG:  Command line test</title>
<link href="../testng.css" rel="stylesheet" type="text/css" />
<link href="../my-testng.css" rel="stylesheet" type="text/css" />

<style type="text/css">
.log { display: none;} 
.stack-trace { display: none;} 
</style>
<script type="text/javascript">
<!--
function flip(e) {
  current = e.style.display;
  if (current == 'block') {
    e.style.display = 'none';
    return 0;
  }
  else {
    e.style.display = 'block';
    return 1;
  }
}

function toggleBox(szDivId, elem, msg1, msg2)
{
  var res = -1;  if (document.getElementById) {
    res = flip(document.getElementById(szDivId));
  }
  else if (document.all) {
    // this is the way old msie versions work
    res = flip(document.all[szDivId]);
  }
  if(elem) {
    if(res == 0) elem.innerHTML = msg1; else elem.innerHTML = msg2;
  }

}

function toggleAllBoxes() {
  if (document.getElementsByTagName) {
    d = document.getElementsByTagName('div');
    for (i = 0; i < d.length; i++) {
      if (d[i].className == 'log') {
        flip(d[i]);
      }
    }
  }
}

// -->
</script>

</head>
<body>
<h2 align='center'>Command line test</h2><table border='1' align="center">
<tr>
<td>Tests passed/Failed/Skipped:</td><td>8/2/0</td>
</tr><tr>
<td>Started on:</td><td>Tue May 21 10:45:36 IST 2019</td>
</tr>
<tr><td>Total time:</td><td>2160 seconds (2160772 ms)</td>
</tr><tr>
<td>Included groups:</td><td></td>
</tr><tr>
<td>Excluded groups:</td><td></td>
</tr>
</table><p/>
<small><i>(Hover the method name to see the test class name)</i></small><p/>
<table width='100%' border='1' class='invocation-failed'>
<tr><td colspan='4' align='center'><b>FAILED CONFIGURATIONS</b></td></tr>
<tr><td><b>Test method</b></td>
<td width="30%"><b>Exception</b></td>
<td width="10%"><b>Time (seconds)</b></td>
<td><b>Instance</b></td>
</tr>
<tr>
<td title='com.hpi.TestScripts.Verify_ServiceCenter_AutomationFlow.endReport()'><b>endReport</b><br>Test class: com.hpi.TestScripts.Verify_ServiceCenter_AutomationFlow</td>
<td><div><pre>java.lang.NullPointerException
	at com.hpi.TestScripts.Verify_ServiceCenter_RetrieveRandomCase_DirectAndIndirect.endReport(Verify_ServiceCenter_RetrieveRandomCase_DirectAndIndirect.java:95)
	at com.hpi.TestScripts.MainClass.main(MainClass.java:11)
... Removed 21 stack frames</pre></div><a href='#' onClick='toggleBox("stack-trace1927776715", this, "Click to show all stack frames", "Click to hide stack frames")'>Click to show all stack frames</a>
<div class='stack-trace' id='stack-trace1927776715'><pre>java.lang.NullPointerException
	at com.hpi.TestScripts.Verify_ServiceCenter_RetrieveRandomCase_DirectAndIndirect.endReport(Verify_ServiceCenter_RetrieveRandomCase_DirectAndIndirect.java:95)
	at sun.reflect.NativeMethodAccessorImpl.invoke0(Native Method)
	at sun.reflect.NativeMethodAccessorImpl.invoke(NativeMethodAccessorImpl.java:62)
	at sun.reflect.DelegatingMethodAccessorImpl.invoke(DelegatingMethodAccessorImpl.java:43)
	at java.lang.reflect.Method.invoke(Method.java:498)
	at org.testng.internal.MethodInvocationHelper.invokeMethod(MethodInvocationHelper.java:124)
	at org.testng.internal.MethodInvocationHelper.invokeMethodConsideringTimeout(MethodInvocationHelper.java:59)
	at org.testng.internal.Invoker.invokeConfigurationMethod(Invoker.java:455)
	at org.testng.internal.Invoker.invokeConfigurations(Invoker.java:222)
	at org.testng.internal.Invoker.invokeConfigurations(Invoker.java:142)
	at org.testng.TestRunner.afterRun(TestRunner.java:725)
	at org.testng.TestRunner.run(TestRunner.java:509)
	at org.testng.SuiteRunner.runTest(SuiteRunner.java:455)
	at org.testng.SuiteRunner.runSequentially(SuiteRunner.java:450)
	at org.testng.SuiteRunner.privateRun(SuiteRunner.java:415)
	at org.testng.SuiteRunner.run(SuiteRunner.java:364)
	at org.testng.SuiteRunnerWorker.runSuite(SuiteRunnerWorker.java:52)
	at org.testng.SuiteRunnerWorker.run(SuiteRunnerWorker.java:84)
	at org.testng.TestNG.runSuitesSequentially(TestNG.java:1208)
	at org.testng.TestNG.runSuitesLocally(TestNG.java:1137)
	at org.testng.TestNG.runSuites(TestNG.java:1049)
	at org.testng.TestNG.run(TestNG.java:1017)
	at com.hpi.TestScripts.MainClass.main(MainClass.java:11)
</pre></div></td>
<td>0</td>
<td>com.hpi.TestScripts.Verify_ServiceCenter_RetrieveRandomCase_DirectAndIndirect@3c5a99da</td></tr>
</table><p>
<table width='100%' border='1' class='invocation-failed'>
<tr><td colspan='4' align='center'><b>FAILED TESTS</b></td></tr>
<tr><td><b>Test method</b></td>
<td width="30%"><b>Exception</b></td>
<td width="10%"><b>Time (seconds)</b></td>
<td><b>Instance</b></td>
</tr>
<tr>
<td title='com.hpi.TestScripts.Verify_ServiceCenter_AutomationFlow.verifyServiceCenterAutomationFlow_DirectFlow()'><b>verifyServiceCenterAutomationFlow_DirectFlow</b><br>Test class: com.hpi.TestScripts.Verify_ServiceCenter_AutomationFlow<br>Parameters: [Ljava.lang.String;@18eec010<br/>
<a href="#Output-882646447" onClick='toggleBox("Output-882646447", this, "Show output", "Hide output");'>Show output</a>

<a href="#Output-882646447" onClick="toggleAllBoxes();">Show all outputs</a>
<div class='log' id="Output-882646447">
Home Page is successful<br/>
</div>
</td>
<td><div><pre>java.lang.AssertionError: Unable to create a Direct Case
	at com.hpi.PageActions.PageElements_Methods.createCaseWith_MultipleAttachments(PageElements_Methods.java:811)
	at com.hpi.TestScripts.Verify_ServiceCenter_AutomationFlow.verifyServiceCenterAutomationFlow_DirectFlow(Verify_ServiceCenter_AutomationFlow.java:81)
	at com.hpi.TestScripts.MainClass.main(MainClass.java:11)
... Removed 23 stack frames</pre></div><a href='#' onClick='toggleBox("stack-trace882646447", this, "Click to show all stack frames", "Click to hide stack frames")'>Click to show all stack frames</a>
<div class='stack-trace' id='stack-trace882646447'><pre>java.lang.AssertionError: Unable to create a Direct Case
	at org.testng.Assert.fail(Assert.java:96)
	at com.hpi.PageActions.PageElements_Methods.createCaseWith_MultipleAttachments(PageElements_Methods.java:811)
	at com.hpi.TestScripts.Verify_ServiceCenter_AutomationFlow.verifyServiceCenterAutomationFlow_DirectFlow(Verify_ServiceCenter_AutomationFlow.java:81)
	at sun.reflect.NativeMethodAccessorImpl.invoke0(Native Method)
	at sun.reflect.NativeMethodAccessorImpl.invoke(NativeMethodAccessorImpl.java:62)
	at sun.reflect.DelegatingMethodAccessorImpl.invoke(DelegatingMethodAccessorImpl.java:43)
	at java.lang.reflect.Method.invoke(Method.java:498)
	at org.testng.internal.MethodInvocationHelper.invokeMethod(MethodInvocationHelper.java:124)
	at org.testng.internal.Invoker.invokeMethod(Invoker.java:580)
	at org.testng.internal.Invoker.invokeTestMethod(Invoker.java:716)
	at org.testng.internal.Invoker.invokeTestMethods(Invoker.java:988)
	at org.testng.internal.TestMethodWorker.invokeTestMethods(TestMethodWorker.java:125)
	at org.testng.internal.TestMethodWorker.run(TestMethodWorker.java:109)
	at org.testng.TestRunner.privateRun(TestRunner.java:648)
	at org.testng.TestRunner.run(TestRunner.java:505)
	at org.testng.SuiteRunner.runTest(SuiteRunner.java:455)
	at org.testng.SuiteRunner.runSequentially(SuiteRunner.java:450)
	at org.testng.SuiteRunner.privateRun(SuiteRunner.java:415)
	at org.testng.SuiteRunner.run(SuiteRunner.java:364)
	at org.testng.SuiteRunnerWorker.runSuite(SuiteRunnerWorker.java:52)
	at org.testng.SuiteRunnerWorker.run(SuiteRunnerWorker.java:84)
	at org.testng.TestNG.runSuitesSequentially(TestNG.java:1208)
	at org.testng.TestNG.runSuitesLocally(TestNG.java:1137)
	at org.testng.TestNG.runSuites(TestNG.java:1049)
	at org.testng.TestNG.run(TestNG.java:1017)
	at com.hpi.TestScripts.MainClass.main(MainClass.java:11)
</pre></div></td>
<td>128</td>
<td>com.hpi.TestScripts.Verify_ServiceCenter_AutomationFlow@ea4a92b</td></tr>
<tr>
<td title='com.hpi.TestScripts.Verify_ServiceCenter_AutomationFlow.verifyServiceCenter_CreateCaseWith_textAttachment_Direct()'><b>verifyServiceCenter_CreateCaseWith_textAttachment_Direct</b><br>Test class: com.hpi.TestScripts.Verify_ServiceCenter_AutomationFlow<br>Parameters: [Ljava.lang.String;@2ca5f1ed<br/>
<a href="#Output-777190206" onClick='toggleBox("Output-777190206", this, "Show output", "Hide output");'>Show output</a>

<a href="#Output-777190206" onClick="toggleAllBoxes();">Show all outputs</a>
<div class='log' id="Output-777190206">
Home Page is successful<br/>
</div>
</td>
<td><div><pre>org.openqa.selenium.NoSuchElementException: no such element: Unable to locate element: {&quot;method&quot;:&quot;xpath&quot;,&quot;selector&quot;:&quot;//div[@class=&apos;ag-body-container&apos;]/div[@role=&apos;row&apos; and @row-index=&apos;0&apos;]/div[@col-id=&apos;caseId&apos;]&quot;}
  (Session info: chrome=62.0.3202.75)
  (Driver info: chromedriver=2.33.506120 (e3e53437346286c0bc2d2dc9aa4915ba81d9023f),platform=Windows NT 10.0.15063 x86_64) (WARNING: The server did not provide any stacktrace information)
Command duration or timeout: 10.03 seconds
For documentation on this error, please visit: http://seleniumhq.org/exceptions/no_such_element.html
Build info: version: &apos;3.0.1&apos;, revision: &apos;1969d75&apos;, time: &apos;2016-10-18 09:49:13 -0700&apos;
System info: host: &apos;RAVKUMAR5&apos;, ip: &apos;10.77.44.138&apos;, os.name: &apos;Windows 10&apos;, os.arch: &apos;amd64&apos;, os.version: &apos;10.0&apos;, java.version: &apos;1.8.0_171&apos;
Driver info: org.openqa.selenium.chrome.ChromeDriver
Capabilities [{applicationCacheEnabled=false, rotatable=false, mobileEmulationEnabled=false, networkConnectionEnabled=false, chrome={chromedriverVersion=2.33.506120 (e3e53437346286c0bc2d2dc9aa4915ba81d9023f), userDataDir=C:\Users\ravkumar\AppData\Local\Temp\scoped_dir9232_14043}, takesHeapSnapshot=true, pageLoadStrategy=normal, databaseEnabled=false, handlesAlerts=true, hasTouchScreen=false, version=62.0.3202.75, platform=XP, browserConnectionEnabled=false, nativeEvents=true, acceptSslCerts=true, locationContextEnabled=true, webStorageEnabled=true, browserName=chrome, takesScreenshot=true, javascriptEnabled=true, cssSelectorsEnabled=true, setWindowRect=true, unexpectedAlertBehaviour=}]
Session ID: 556fbf8e14d8ac5aa8a8288cc1cd74bf
*** Element info: {Using=xpath, value=//div[@class=&apos;ag-body-container&apos;]/div[@role=&apos;row&apos; and @row-index=&apos;0&apos;]/div[@col-id=&apos;caseId&apos;]}
	at org.openqa.selenium.remote.ErrorHandler.createThrowable(ErrorHandler.java:216)
	at org.openqa.selenium.remote.ErrorHandler.throwIfResponseFailed(ErrorHandler.java:168)
	at org.openqa.selenium.remote.RemoteWebDriver.execute(RemoteWebDriver.java:635)
	at org.openqa.selenium.remote.RemoteWebDriver.findElement(RemoteWebDriver.java:368)
	at org.openqa.selenium.remote.RemoteWebDriver.findElementByXPath(RemoteWebDriver.java:473)
	at org.openqa.selenium.By$ByXPath.findElement(By.java:361)
	at org.openqa.selenium.remote.RemoteWebDriver.findElement(RemoteWebDriver.java:360)
	at org.openqa.selenium.support.pagefactory.DefaultElementLocator.findElement(DefaultElementLocator.java:69)
	at org.openqa.selenium.support.pagefactory.internal.LocatingElementHandler.invoke(LocatingElementHandler.java:38)
	at com.sun.proxy.$Proxy10.isDisplayed(Unknown Source)
	at com.hpi.PageActions.PageElements_Methods.retrieveCaseWith_text_Attachment(PageElements_Methods.java:1480)
	at com.hpi.TestScripts.Verify_ServiceCenter_AutomationFlow.verifyServiceCenter_CreateCaseWith_textAttachment_Direct(Verify_ServiceCenter_AutomationFlow.java:437)
	at com.hpi.TestScripts.MainClass.main(MainClass.java:11)
... Removed 26 stack frames</pre></div><a href='#' onClick='toggleBox("stack-trace777190206", this, "Click to show all stack frames", "Click to hide stack frames")'>Click to show all stack frames</a>
<div class='stack-trace' id='stack-trace777190206'><pre>org.openqa.selenium.NoSuchElementException: no such element: Unable to locate element: {&quot;method&quot;:&quot;xpath&quot;,&quot;selector&quot;:&quot;//div[@class=&apos;ag-body-container&apos;]/div[@role=&apos;row&apos; and @row-index=&apos;0&apos;]/div[@col-id=&apos;caseId&apos;]&quot;}
  (Session info: chrome=62.0.3202.75)
  (Driver info: chromedriver=2.33.506120 (e3e53437346286c0bc2d2dc9aa4915ba81d9023f),platform=Windows NT 10.0.15063 x86_64) (WARNING: The server did not provide any stacktrace information)
Command duration or timeout: 10.03 seconds
For documentation on this error, please visit: http://seleniumhq.org/exceptions/no_such_element.html
Build info: version: &apos;3.0.1&apos;, revision: &apos;1969d75&apos;, time: &apos;2016-10-18 09:49:13 -0700&apos;
System info: host: &apos;RAVKUMAR5&apos;, ip: &apos;10.77.44.138&apos;, os.name: &apos;Windows 10&apos;, os.arch: &apos;amd64&apos;, os.version: &apos;10.0&apos;, java.version: &apos;1.8.0_171&apos;
Driver info: org.openqa.selenium.chrome.ChromeDriver
Capabilities [{applicationCacheEnabled=false, rotatable=false, mobileEmulationEnabled=false, networkConnectionEnabled=false, chrome={chromedriverVersion=2.33.506120 (e3e53437346286c0bc2d2dc9aa4915ba81d9023f), userDataDir=C:\Users\ravkumar\AppData\Local\Temp\scoped_dir9232_14043}, takesHeapSnapshot=true, pageLoadStrategy=normal, databaseEnabled=false, handlesAlerts=true, hasTouchScreen=false, version=62.0.3202.75, platform=XP, browserConnectionEnabled=false, nativeEvents=true, acceptSslCerts=true, locationContextEnabled=true, webStorageEnabled=true, browserName=chrome, takesScreenshot=true, javascriptEnabled=true, cssSelectorsEnabled=true, setWindowRect=true, unexpectedAlertBehaviour=}]
Session ID: 556fbf8e14d8ac5aa8a8288cc1cd74bf
*** Element info: {Using=xpath, value=//div[@class=&apos;ag-body-container&apos;]/div[@role=&apos;row&apos; and @row-index=&apos;0&apos;]/div[@col-id=&apos;caseId&apos;]}
	at sun.reflect.NativeConstructorAccessorImpl.newInstance0(Native Method)
	at sun.reflect.NativeConstructorAccessorImpl.newInstance(NativeConstructorAccessorImpl.java:62)
	at sun.reflect.DelegatingConstructorAccessorImpl.newInstance(DelegatingConstructorAccessorImpl.java:45)
	at java.lang.reflect.Constructor.newInstance(Constructor.java:423)
	at org.openqa.selenium.remote.ErrorHandler.createThrowable(ErrorHandler.java:216)
	at org.openqa.selenium.remote.ErrorHandler.throwIfResponseFailed(ErrorHandler.java:168)
	at org.openqa.selenium.remote.RemoteWebDriver.execute(RemoteWebDriver.java:635)
	at org.openqa.selenium.remote.RemoteWebDriver.findElement(RemoteWebDriver.java:368)
	at org.openqa.selenium.remote.RemoteWebDriver.findElementByXPath(RemoteWebDriver.java:473)
	at org.openqa.selenium.By$ByXPath.findElement(By.java:361)
	at org.openqa.selenium.remote.RemoteWebDriver.findElement(RemoteWebDriver.java:360)
	at org.openqa.selenium.support.pagefactory.DefaultElementLocator.findElement(DefaultElementLocator.java:69)
	at org.openqa.selenium.support.pagefactory.internal.LocatingElementHandler.invoke(LocatingElementHandler.java:38)
	at com.sun.proxy.$Proxy10.isDisplayed(Unknown Source)
	at com.hpi.PageActions.PageElements_Methods.retrieveCaseWith_text_Attachment(PageElements_Methods.java:1480)
	at com.hpi.TestScripts.Verify_ServiceCenter_AutomationFlow.verifyServiceCenter_CreateCaseWith_textAttachment_Direct(Verify_ServiceCenter_AutomationFlow.java:437)
	at sun.reflect.NativeMethodAccessorImpl.invoke0(Native Method)
	at sun.reflect.NativeMethodAccessorImpl.invoke(NativeMethodAccessorImpl.java:62)
	at sun.reflect.DelegatingMethodAccessorImpl.invoke(DelegatingMethodAccessorImpl.java:43)
	at java.lang.reflect.Method.invoke(Method.java:498)
	at org.testng.internal.MethodInvocationHelper.invokeMethod(MethodInvocationHelper.java:124)
	at org.testng.internal.Invoker.invokeMethod(Invoker.java:580)
	at org.testng.internal.Invoker.invokeTestMethod(Invoker.java:716)
	at org.testng.internal.Invoker.invokeTestMethods(Invoker.java:988)
	at org.testng.internal.TestMethodWorker.invokeTestMethods(TestMethodWorker.java:125)
	at org.testng.internal.TestMethodWorker.run(TestMethodWorker.java:109)
	at org.testng.TestRunner.privateRun(TestRunner.java:648)
	at org.testng.TestRunner.run(TestRunner.java:505)
	at org.testng.SuiteRunner.runTest(SuiteRunner.java:455)
	at org.testng.SuiteRunner.runSequentially(SuiteRunner.java:450)
	at org.testng.SuiteRunner.privateRun(SuiteRunner.java:415)
	at org.testng.SuiteRunner.run(SuiteRunner.java:364)
	at org.testng.SuiteRunnerWorker.runSuite(SuiteRunnerWorker.java:52)
	at org.testng.SuiteRunnerWorker.run(SuiteRunnerWorker.java:84)
	at org.testng.TestNG.runSuitesSequentially(TestNG.java:1208)
	at org.testng.TestNG.runSuitesLocally(TestNG.java:1137)
	at org.testng.TestNG.runSuites(TestNG.java:1049)
	at org.testng.TestNG.run(TestNG.java:1017)
	at com.hpi.TestScripts.MainClass.main(MainClass.java:11)
</pre></div></td>
<td>321</td>
<td>com.hpi.TestScripts.Verify_ServiceCenter_AutomationFlow@ea4a92b</td></tr>
</table><p>
<table width='100%' border='1' class='invocation-passed'>
<tr><td colspan='4' align='center'><b>PASSED TESTS</b></td></tr>
<tr><td><b>Test method</b></td>
<td width="30%"><b>Exception</b></td>
<td width="10%"><b>Time (seconds)</b></td>
<td><b>Instance</b></td>
</tr>
<tr>
<td title='com.hpi.TestScripts.Verify_ServiceCenter_AutomationFlow.verifyServiceCenterAutomationFlow_InDirectFlow()'><b>verifyServiceCenterAutomationFlow_InDirectFlow</b><br>Test class: com.hpi.TestScripts.Verify_ServiceCenter_AutomationFlow<br>Parameters: [Ljava.lang.String;@28348c6</td>
<td></td>
<td>131</td>
<td>com.hpi.TestScripts.Verify_ServiceCenter_AutomationFlow@ea4a92b</td></tr>
<tr>
<td title='com.hpi.TestScripts.Verify_ServiceCenter_AutomationFlow.verifyServiceCenter_CaseNotesTextLimitation_Direct()'><b>verifyServiceCenter_CaseNotesTextLimitation_Direct</b><br>Test class: com.hpi.TestScripts.Verify_ServiceCenter_AutomationFlow<br>Parameters: [Ljava.lang.String;@6de0f580</td>
<td></td>
<td>553</td>
<td>com.hpi.TestScripts.Verify_ServiceCenter_AutomationFlow@ea4a92b</td></tr>
<tr>
<td title='com.hpi.TestScripts.Verify_ServiceCenter_AutomationFlow.verifyServiceCenter_CaseNotesTextLimitation_InDirect()'><b>verifyServiceCenter_CaseNotesTextLimitation_InDirect</b><br>Test class: com.hpi.TestScripts.Verify_ServiceCenter_AutomationFlow<br>Parameters: [Ljava.lang.String;@6e495b48</td>
<td></td>
<td>133</td>
<td>com.hpi.TestScripts.Verify_ServiceCenter_AutomationFlow@ea4a92b</td></tr>
<tr>
<td title='com.hpi.TestScripts.Verify_ServiceCenter_AutomationFlow.verifyServiceCenter_CreateCaseWith_3MBAttachment_Direct()'><b>verifyServiceCenter_CreateCaseWith_3MBAttachment_Direct</b><br>Test class: com.hpi.TestScripts.Verify_ServiceCenter_AutomationFlow<br>Parameters: [Ljava.lang.String;@1d61c6dc<br/>
<a href="#Output-1466558382" onClick='toggleBox("Output-1466558382", this, "Show output", "Hide output");'>Show output</a>

<a href="#Output-1466558382" onClick="toggleAllBoxes();">Show all outputs</a>
<div class='log' id="Output-1466558382">
Home Page is successful<br/>
</div>
</td>
<td></td>
<td>77</td>
<td>com.hpi.TestScripts.Verify_ServiceCenter_AutomationFlow@ea4a92b</td></tr>
<tr>
<td title='com.hpi.TestScripts.Verify_ServiceCenter_AutomationFlow.verifyServiceCenter_CreateCaseWith_3MB_Attachment_InDirect()'><b>verifyServiceCenter_CreateCaseWith_3MB_Attachment_InDirect</b><br>Test class: com.hpi.TestScripts.Verify_ServiceCenter_AutomationFlow<br>Parameters: [Ljava.lang.String;@53c68ce</td>
<td></td>
<td>91</td>
<td>com.hpi.TestScripts.Verify_ServiceCenter_AutomationFlow@ea4a92b</td></tr>
<tr>
<td title='com.hpi.TestScripts.Verify_ServiceCenter_AutomationFlow.verifyServiceCenter_CreateCaseWith_jpegAttachment_Direct()'><b>verifyServiceCenter_CreateCaseWith_jpegAttachment_Direct</b><br>Test class: com.hpi.TestScripts.Verify_ServiceCenter_AutomationFlow<br>Parameters: [Ljava.lang.String;@6f9ad11c<br/>
<a href="#Output-996533593" onClick='toggleBox("Output-996533593", this, "Show output", "Hide output");'>Show output</a>

<a href="#Output-996533593" onClick="toggleAllBoxes();">Show all outputs</a>
<div class='log' id="Output-996533593">
Home Page is successful<br/>
</div>
</td>
<td></td>
<td>421</td>
<td>com.hpi.TestScripts.Verify_ServiceCenter_AutomationFlow@ea4a92b</td></tr>
<tr>
<td title='com.hpi.TestScripts.Verify_ServiceCenter_AutomationFlow.verifyServiceCenter_CreateCaseWith_jpegAttachment_InDirect()'><b>verifyServiceCenter_CreateCaseWith_jpegAttachment_InDirect</b><br>Test class: com.hpi.TestScripts.Verify_ServiceCenter_AutomationFlow<br>Parameters: [Ljava.lang.String;@4b2d44bc</td>
<td></td>
<td>102</td>
<td>com.hpi.TestScripts.Verify_ServiceCenter_AutomationFlow@ea4a92b</td></tr>
<tr>
<td title='com.hpi.TestScripts.Verify_ServiceCenter_AutomationFlow.verifyServiceCenter_CreateCaseWith_pdfAttachment_InDirect()'><b>verifyServiceCenter_CreateCaseWith_pdfAttachment_InDirect</b><br>Test class: com.hpi.TestScripts.Verify_ServiceCenter_AutomationFlow<br>Parameters: [Ljava.lang.String;@58e92c23</td>
<td></td>
<td>120</td>
<td>com.hpi.TestScripts.Verify_ServiceCenter_AutomationFlow@ea4a92b</td></tr>
</table><p>
</body>
</html>